0 verbose cli /usr/local/bin/node /usr/local/bin/npm
1 info using npm@8.15.0
2 info using node@v16.17.0
3 timing npm:load:whichnode Completed in 0ms
4 timing config:load:defaults Completed in 0ms
5 timing config:load:file:/usr/local/lib/node_modules/npm/npmrc Completed in 0ms
6 timing config:load:builtin Completed in 1ms
7 timing config:load:cli Completed in 0ms
8 timing config:load:env Completed in 0ms
9 timing config:load:file:/Users/belenbahmer-rada/Desktop/NucampFolder/2-Bootstrap/Nucampsite/.npmrc Completed in 0ms
10 timing config:load:project Completed in 2ms
11 timing config:load:file:/Users/belenbahmer-rada/.npmrc Completed in 0ms
12 timing config:load:user Completed in 0ms
13 timing config:load:file:/usr/local/etc/npmrc Completed in 1ms
14 timing config:load:global Completed in 1ms
15 timing config:load:validate Completed in 0ms
16 timing config:load:credentials Completed in 0ms
17 timing config:load:setEnvs Completed in 1ms
18 timing config:load Completed in 6ms
19 timing npm:load:configload Completed in 7ms
20 timing npm:load:mkdirpcache Completed in 0ms
21 timing npm:load:mkdirplogs Completed in 0ms
22 verbose title npm install bootstrap@4.5.2
23 verbose argv "install" "bootstrap@4.5.2"
24 timing npm:load:setTitle Completed in 5ms
25 timing config:load:flatten Completed in 2ms
26 timing npm:load:display Completed in 2ms
27 verbose logfile logs-max:10 dir:/Users/belenbahmer-rada/.npm/_logs
28 verbose logfile /Users/belenbahmer-rada/.npm/_logs/2022-10-22T13_59_34_143Z-debug-0.log
29 timing npm:load:logFile Completed in 2ms
30 timing npm:load:timers Completed in 0ms
31 timing npm:load:configScope Completed in 0ms
32 timing npm:load Completed in 16ms
33 timing arborist:ctor Completed in 0ms
34 silly logfile done cleaning log files
35 timing idealTree:init Completed in 39ms
36 timing idealTree:userRequests Completed in 1ms
37 silly idealTree buildDeps
38 silly fetch manifest bootstrap@4.5.2
39 verbose shrinkwrap failed to load node_modules/.package-lock.json out of date, updated: node_modules
40 http fetch GET 200 https://registry.npmjs.org/bootstrap 236ms (cache miss)
41 silly fetch manifest jquery@^3.5.1
42 http fetch GET 200 https://registry.npmjs.org/jquery 6ms (cache hit)
43 silly fetch manifest popper.js@^1.16.1
44 http fetch GET 200 https://registry.npmjs.org/popper.js 4ms (cache hit)
45 silly placeDep ROOT bootstrap@4.5.2 OK for: nucampsite@1.0.0 want: 4.5.2
46 timing idealTree:#root Completed in 256ms
47 timing idealTree:node_modules/bootstrap Completed in 0ms
48 timing idealTree:buildDeps Completed in 257ms
49 timing idealTree:fixDepFlags Completed in 0ms
50 timing idealTree Completed in 299ms
51 timing reify:loadTrees Completed in 301ms
52 timing reify:diffTrees Completed in 2ms
53 silly reify moves {}
54 timing reify:retireShallow Completed in 0ms
55 timing reify:createSparse Completed in 2ms
56 timing reify:loadBundles Completed in 0ms
57 silly audit bulk request {
57 silly audit   '@socket.io/component-emitter': [ '3.1.0' ],
57 silly audit   '@types/cookie': [ '0.4.1' ],
57 silly audit   '@types/cors': [ '2.8.12' ],
57 silly audit   '@types/node': [ '18.11.3' ],
57 silly audit   accepts: [ '1.3.8' ],
57 silly audit   'ansi-regex': [ '2.1.1', '5.0.1' ],
57 silly audit   'ansi-styles': [ '2.2.1', '4.3.0' ],
57 silly audit   anymatch: [ '3.1.2' ],
57 silly audit   async: [ '2.6.4' ],
57 silly audit   'async-each-series': [ '0.1.1' ],
57 silly audit   axios: [ '0.21.4' ],
57 silly audit   'balanced-match': [ '1.0.2' ],
57 silly audit   base64id: [ '2.0.0' ],
57 silly audit   batch: [ '0.6.1' ],
57 silly audit   'binary-extensions': [ '2.2.0' ],
57 silly audit   'brace-expansion': [ '1.1.11' ],
57 silly audit   braces: [ '3.0.2' ],
57 silly audit   'browser-sync': [ '2.27.10' ],
57 silly audit   'browser-sync-client': [ '2.27.10' ],
57 silly audit   'browser-sync-ui': [ '2.27.10' ],
57 silly audit   'bs-recipes': [ '1.3.4' ],
57 silly audit   'bs-snippet-injector': [ '2.0.1' ],
57 silly audit   bytes: [ '3.1.2' ],
57 silly audit   chalk: [ '1.1.3' ],
57 silly audit   chokidar: [ '3.5.3' ],
57 silly audit   cliui: [ '8.0.1', '7.0.4' ],
57 silly audit   'strip-ansi': [ '6.0.1', '3.0.1' ],
57 silly audit   'color-convert': [ '2.0.1' ],
57 silly audit   'color-name': [ '1.1.4' ],
57 silly audit   commander: [ '2.20.3' ],
57 silly audit   'concat-map': [ '0.0.1' ],
57 silly audit   connect: [ '3.6.6' ],
57 silly audit   'connect-history-api-fallback': [ '1.6.0' ],
57 silly audit   'connect-logger': [ '0.0.1' ],
57 silly audit   cookie: [ '0.4.2' ],
57 silly audit   cors: [ '2.8.5' ],
57 silly audit   debug: [ '2.6.9', '4.3.4', '4.3.2' ],
57 silly audit   depd: [ '2.0.0', '1.1.2' ],
57 silly audit   destroy: [ '1.0.4' ],
57 silly audit   'dev-ip': [ '1.0.1' ],
57 silly audit   dlv: [ '1.1.3' ],
57 silly audit   'easy-extender': [ '2.3.4' ],
57 silly audit   'eazy-logger': [ '3.1.0' ],
57 silly audit   'ee-first': [ '1.1.1' ],
57 silly audit   'emoji-regex': [ '8.0.0' ],
57 silly audit   encodeurl: [ '1.0.2' ],
57 silly audit   'engine.io': [ '6.2.0' ],
57 silly audit   'engine.io-client': [ '6.2.3' ],
57 silly audit   ms: [ '2.1.2', '2.0.0' ],
57 silly audit   'engine.io-parser': [ '5.0.4' ],
57 silly audit   escalade: [ '3.1.1' ],
57 silly audit   'escape-html': [ '1.0.3' ],
57 silly audit   'escape-string-regexp': [ '1.0.5' ],
57 silly audit   etag: [ '1.8.1' ],
57 silly audit   eventemitter3: [ '4.0.7' ],
57 silly audit   'fill-range': [ '7.0.1' ],
57 silly audit   finalhandler: [ '1.1.0' ],
57 silly audit   'follow-redirects': [ '1.15.2' ],
57 silly audit   fresh: [ '0.5.2' ],
57 silly audit   'fs-extra': [ '3.0.1' ],
57 silly audit   fsevents: [ '2.3.2' ],
57 silly audit   'get-caller-file': [ '2.0.5' ],
57 silly audit   'glob-parent': [ '5.1.2' ],
57 silly audit   'graceful-fs': [ '4.2.10' ],
57 silly audit   'has-ansi': [ '2.0.0' ],
57 silly audit   'http-errors': [ '2.0.0', '1.6.3' ],
57 silly audit   statuses: [ '2.0.1', '1.4.0', '1.5.0', '1.3.1' ],
57 silly audit   'http-proxy': [ '1.18.1' ],
57 silly audit   'iconv-lite': [ '0.4.24' ],
57 silly audit   immutable: [ '3.8.2' ],
57 silly audit   inherits: [ '2.0.4', '2.0.3' ],
57 silly audit   'is-binary-path': [ '2.1.0' ],
57 silly audit   'is-extglob': [ '2.1.1' ],
57 silly audit   'is-fullwidth-code-point': [ '3.0.0' ],
57 silly audit   'is-glob': [ '4.0.3' ],
57 silly audit   'is-number': [ '7.0.0' ],
57 silly audit   'is-number-like': [ '1.0.8' ],
57 silly audit   'is-wsl': [ '1.1.0' ],
57 silly audit   jquery: [ '3.5.1' ],
57 silly audit   jsonfile: [ '3.0.1' ],
57 silly audit   limiter: [ '1.1.5' ],
57 silly audit   'lite-server': [ '2.6.1' ],
57 silly audit   localtunnel: [ '2.0.2' ],
57 silly audit   yargs: [ '17.1.1', '17.6.0' ],
57 silly audit   'yargs-parser': [ '20.2.9', '21.1.1' ],
57 silly audit   lodash: [ '4.17.21' ],
57 silly audit   'lodash.isfinite': [ '3.3.2' ],
57 silly audit   micromatch: [ '4.0.5' ],
57 silly audit   mime: [ '1.4.1' ],
57 silly audit   'mime-db': [ '1.52.0' ],
57 silly audit   'mime-types': [ '2.1.35' ],
57 silly audit   minimatch: [ '3.1.2' ],
57 silly audit   minimist: [ '1.2.7' ],
57 silly audit   mitt: [ '1.2.0' ],
57 silly audit   moment: [ '2.29.4' ],
57 silly audit   negotiator: [ '0.6.3' ],
57 silly audit   'normalize-path': [ '3.0.0' ],
57 silly audit   'object-assign': [ '4.1.1' ],
57 silly audit   'on-finished': [ '2.3.0' ],
57 silly audit   openurl: [ '1.1.1' ],
57 silly audit   opn: [ '5.3.0' ],
57 silly audit   parseurl: [ '1.3.3' ],
57 silly audit   picomatch: [ '2.3.1' ],
57 silly audit   'popper.js': [ '1.16.1' ],
57 silly audit   portscanner: [ '2.2.0' ],
57 silly audit   qs: [ '6.2.3' ],
57 silly audit   'range-parser': [ '1.2.1' ],
57 silly audit   'raw-body': [ '2.5.1' ],
57 silly audit   readdirp: [ '3.6.0' ],
57 silly audit   'require-directory': [ '2.1.1' ],
57 silly audit   'requires-port': [ '1.0.0' ],
57 silly audit   'resp-modifier': [ '6.0.2' ],
57 silly audit   rx: [ '4.1.0' ],
57 silly audit   rxjs: [ '5.5.12' ],
57 silly audit   'safer-buffer': [ '2.1.2' ],
57 silly audit   send: [ '0.16.2' ],
57 silly audit   setprototypeof: [ '1.1.0', '1.2.0' ],
57 silly audit   'serve-index': [ '1.9.1' ],
57 silly audit   'serve-static': [ '1.13.2' ],
57 silly audit   'server-destroy': [ '1.0.1' ],
57 silly audit   'socket.io': [ '4.5.3' ],
57 silly audit   'socket.io-adapter': [ '2.4.0' ],
57 silly audit   'socket.io-client': [ '4.5.3' ],
57 silly audit   'socket.io-parser': [ '4.2.1' ],
57 silly audit   'stream-throttle': [ '0.1.3' ],
57 silly audit   'string-width': [ '4.2.3' ],
57 silly audit   'supports-color': [ '2.0.0' ],
57 silly audit   'symbol-observable': [ '1.0.1' ],
57 silly audit   tfunk: [ '4.0.0' ],
57 silly audit   'to-regex-range': [ '5.0.1' ],
57 silly audit   toidentifier: [ '1.0.1' ],
57 silly audit   typescript: [ '4.8.4' ],
57 silly audit   'ua-parser-js': [ '1.0.2' ],
57 silly audit   universalify: [ '0.1.2' ],
57 silly audit   unpipe: [ '1.0.0' ],
57 silly audit   'utils-merge': [ '1.0.1' ],
57 silly audit   vary: [ '1.1.2' ],
57 silly audit   'wrap-ansi': [ '7.0.0' ],
57 silly audit   ws: [ '8.2.3' ],
57 silly audit   'xmlhttprequest-ssl': [ '2.0.0' ],
57 silly audit   y18n: [ '5.0.8' ],
57 silly audit   bootstrap: [ '4.5.2' ]
57 silly audit }
58 silly tarball no local data for bootstrap@https://registry.npmjs.org/bootstrap/-/bootstrap-4.5.2.tgz. Extracting by manifest.
59 http fetch POST 200 https://registry.npmjs.org/-/npm/v1/security/advisories/bulk 150ms
60 timing auditReport:getReport Completed in 152ms
61 silly audit report {}
62 timing auditReport:init Completed in 0ms
63 timing reify:audit Completed in 154ms
64 http fetch GET 200 https://registry.npmjs.org/bootstrap/-/bootstrap-4.5.2.tgz 285ms (cache miss)
65 timing reifyNode:node_modules/bootstrap Completed in 288ms
66 timing reify:unpack Completed in 288ms
67 timing reify:unretire Completed in 0ms
68 timing build:queue Completed in 0ms
69 timing build:deps Completed in 0ms
70 timing build Completed in 1ms
71 timing reify:build Completed in 1ms
72 timing reify:trash Completed in 0ms
73 timing reify:save Completed in 19ms
74 timing reify Completed in 626ms
75 silly ADD node_modules/bootstrap
76 timing command:install Completed in 628ms
77 verbose exit 0
78 timing npm Completed in 682ms
79 info ok
